Exception at PC 0x00007FFD587E4008
Exception at PC 0x00007FFD587E4008
Exception at PC 0x00007FFD587E4008
Exception at PC 0x00007FFD587E4008
Exception at PC 0x00007FFCEA05E132
Attemped to write at address 0x00007FFD285D4AA4
Printing stacktrace...

[0]  [0x00007FFCEA05E132]
[1]  [0x00007FFCEA05E132]
[2]  [0x00007FFCEA05E194]
[3]  [0x00007FFCE9CAD0D7]
[4]  [0x00007FFCE9B92BCA]
[5]  [0x00007FFCE9B92FD1]
[6]  [0x00007FFCEA05EB2F]
[7]  [0x00007FFCE9F1C19D]
[8]  [0x00007FFCE9F15942]
[9]  [0x00007FFCE9F15AB5]
[10] (RtlDeactivateActivationContextUnsafeFast+0x1b3) [0x00007FFD5BD41493]
[11] (LdrShutdownProcess+0x125) [0x00007FFD5BD706B5]
[12] (RtlExitUserProcess+0xb4) [0x00007FFD5BD70574]
[13] (ExitProcess+0xa) [0x00007FFD5984F06A]
[14] (exit+0x75) [0x00007FFD59E19B25]
[15] (initterm_e+0x21d) [0x00007FFD59E1A16D]
[16]  [0x00000000004014CD]
[17]  [0x000000000040151B]
[18] (BaseThreadInitThunk+0x14) [0x00007FFD59851FE4]
[19] (RtlUserThreadStart+0x21) [0x00007FFD5BD9EFC1]
Done
